# JRE version: Java(TM) SE Runtime Environment (7.0_80-b15) (build 1.7.0_80-b15)
# Java VM: Java HotSpot(TM) Server VM (24.80-b11 mixed mode linux-x86 )
Heap
 PSYoungGen      total 199424K, used 0K [0x9dfc0000, 0xb3540000, 0xb3540000)
  eden space 122880K, 0% used [0x9dfc0000,0x9dfc0000,0xa57c0000)
  from space 76544K, 0% used [0xaea80000,0xaea80000,0xb3540000)
  to   space 113408K, 0% used [0xa57c0000,0xa57c0000,0xac680000)
 ParOldGen       total 217344K, used 156382K [0x73540000, 0x80980000, 0x9dfc0000)
  object space 217344K, 71% used [0x73540000,0x7cdf7868,0x80980000)
 PSPermGen       total 16384K, used 3990K [0x6f540000, 0x70540000, 0x73540000)
  object space 16384K, 24% used [0x6f540000,0x6f925b20,0x70540000)
GC Heap History (10 events):
Event: 27.013 GC heap after
Heap after GC invocations=9 (full 1):
 PSYoungGen      total 241920K, used 49648K [0x9dfc0000, 0xb3540000, 0xb3540000)
  eden space 192256K, 0% used [0x9dfc0000,0x9dfc0000,0xa9b80000)
  from space 49664K, 99% used [0xb04c0000,0xb353c010,0xb3540000)
  to   space 76544K, 0% used [0xa9fc0000,0xa9fc0000,0xaea80000)
 ParOldGen       total 108544K, used 89049K [0x73540000, 0x79f40000, 0x9dfc0000)
  object space 108544K, 82% used [0x73540000,0x78c36780,0x79f40000)
 PSPermGen       total 16384K, used 3983K [0x6f540000, 0x70540000, 0x73540000)
  object space 16384K, 24% used [0x6f540000,0x6f923c58,0x70540000)
}
Event: 27.013 GC heap before
{Heap before GC invocations=10 (full 2):
 PSYoungGen      total 241920K, used 49648K [0x9dfc0000, 0xb3540000, 0xb3540000)
  eden space 192256K, 0% used [0x9dfc0000,0x9dfc0000,0xa9b80000)
  from space 49664K, 99% used [0xb04c0000,0xb353c010,0xb3540000)
  to   space 76544K, 0% used [0xa9fc0000,0xa9fc0000,0xaea80000)
 ParOldGen       total 108544K, used 89049K [0x73540000, 0x79f40000, 0x9dfc0000)
  object space 108544K, 82% used [0x73540000,0x78c36780,0x79f40000)
 PSPermGen       total 16384K, used 3983K [0x6f540000, 0x70540000, 0x73540000)
  object space 16384K, 24% used [0x6f540000,0x6f923c58,0x70540000)
Event: 27.769 GC heap after
Heap after GC invocations=10 (full 2):
 PSYoungGen      total 241920K, used 6920K [0x9dfc0000, 0xb3540000, 0xb3540000)
  eden space 192256K, 0% used [0x9dfc0000,0x9dfc0000,0xa9b80000)
  from space 49664K, 13% used [0xb04c0000,0xb0b823e0,0xb3540000)
  to   space 76544K, 0% used [0xa9fc0000,0xa9fc0000,0xaea80000)
 ParOldGen       total 195328K, used 108353K [0x73540000, 0x7f400000, 0x9dfc0000)
  object space 195328K, 55% used [0x73540000,0x79f10428,0x7f400000)
 PSPermGen       total 16384K, used 3983K [0x6f540000, 0x70540000, 0x73540000)
  object space 16384K, 24% used [0x6f540000,0x6f923c08,0x70540000)
}
Event: 29.264 GC heap before
{Heap before GC invocations=11 (full 2):
 PSYoungGen      total 241920K, used 199176K [0x9dfc0000, 0xb3540000, 0xb3540000)
  eden space 192256K, 100% used [0x9dfc0000,0xa9b80000,0xa9b80000)
  from space 49664K, 13% used [0xb04c0000,0xb0b823e0,0xb3540000)
  to   space 76544K, 0% used [0xa9fc0000,0xa9fc0000,0xaea80000)
 ParOldGen       total 195328K, used 108353K [0x73540000, 0x7f400000, 0x9dfc0000)
  object space 195328K, 55% used [0x73540000,0x79f10428,0x7f400000)
 PSPermGen       total 16384K, used 3984K [0x6f540000, 0x70540000, 0x73540000)
  object space 16384K, 24% used [0x6f540000,0x6f924020,0x70540000)
Event: 29.465 GC heap after
Heap after GC invocations=11 (full 2):
 PSYoungGen      total 273152K, used 76542K [0x9dfc0000, 0xb3540000, 0xb3540000)
  eden space 196608K, 0% used [0x9dfc0000,0x9dfc0000,0xa9fc0000)
  from space 76544K, 99% used [0xa9fc0000,0xaea7f9a0,0xaea80000)
  to   space 76544K, 0% used [0xaea80000,0xaea80000,0xb3540000)
 ParOldGen       total 195328K, used 126477K [0x73540000, 0x7f400000, 0x9dfc0000)
  object space 195328K, 64% used [0x73540000,0x7b0c35c0,0x7f400000)
 PSPermGen       total 16384K, used 3984K [0x6f540000, 0x70540000, 0x73540000)
  object space 16384K, 24% used [0x6f540000,0x6f924020,0x70540000)
}
Event: 33.411 GC heap before
{Heap before GC invocations=12 (full 2):
 PSYoungGen      total 273152K, used 273150K [0x9dfc0000, 0xb3540000, 0xb3540000)
  eden space 196608K, 100% used [0x9dfc0000,0xa9fc0000,0xa9fc0000)
  from space 76544K, 99% used [0xa9fc0000,0xaea7f9a0,0xaea80000)
  to   space 76544K, 0% used [0xaea80000,0xaea80000,0xb3540000)
 ParOldGen       total 195328K, used 126477K [0x73540000, 0x7f400000, 0x9dfc0000)
  object space 195328K, 64% used [0x73540000,0x7b0c35c0,0x7f400000)
 PSPermGen       total 16384K, used 3990K [0x6f540000, 0x70540000, 0x73540000)
  object space 16384K, 24% used [0x6f540000,0x6f925b68,0x70540000)
Event: 33.603 GC heap after
Heap after GC invocations=12 (full 2):
 PSYoungGen      total 199424K, used 76532K [0x9dfc0000, 0xb3540000, 0xb3540000)
  eden space 122880K, 0% used [0x9dfc0000,0x9dfc0000,0xa57c0000)
  from space 76544K, 99% used [0xaea80000,0xb353d108,0xb3540000)
  to   space 113408K, 0% used [0xa57c0000,0xa57c0000,0xac680000)
 ParOldGen       total 195328K, used 140335K [0x73540000, 0x7f400000, 0x9dfc0000)
  object space 195328K, 71% used [0x73540000,0x7be4bc30,0x7f400000)
 PSPermGen       total 16384K, used 3990K [0x6f540000, 0x70540000, 0x73540000)
  object space 16384K, 24% used [0x6f540000,0x6f925b68,0x70540000)
}
Event: 34.247 GC heap before
{Heap before GC invocations=13 (full 2):
 PSYoungGen      total 199424K, used 199412K [0x9dfc0000, 0xb3540000, 0xb3540000)
  eden space 122880K, 100% used [0x9dfc0000,0xa57c0000,0xa57c0000)
  from space 76544K, 99% used [0xaea80000,0xb353d108,0xb3540000)
  to   space 113408K, 0% used [0xa57c0000,0xa57c0000,0xac680000)
 ParOldGen       total 195328K, used 140335K [0x73540000, 0x7f400000, 0x9dfc0000)
  object space 195328K, 71% used [0x73540000,0x7be4bc30,0x7f400000)
 PSPermGen       total 16384K, used 3991K [0x6f540000, 0x70540000, 0x73540000)
  object space 16384K, 24% used [0x6f540000,0x6f925c20,0x70540000)
Event: 36.411 GC heap after
Heap after GC invocations=13 (full 2):
 PSYoungGen      total 199424K, used 199412K [0x9dfc0000, 0xb3540000, 0xb3540000)
  eden space 122880K, 100% used [0x9dfc0000,0xa57c0000,0xa57c0000)
  from space 76544K, 99% used [0xaea80000,0xb353d108,0xb3540000)
  to   space 113408K, 70% used [0xa57c0000,0xaa592208,0xac680000)
 ParOldGen       total 217344K, used 217179K [0x73540000, 0x80980000, 0x9dfc0000)
  object space 217344K, 99% used [0x73540000,0x80956e78,0x80980000)
 PSPermGen       total 16384K, used 3991K [0x6f540000, 0x70540000, 0x73540000)
  object space 16384K, 24% used [0x6f540000,0x6f925c20,0x70540000)
}
Event: 37.381 GC heap before
{Heap before GC invocations=14 (full 3):
 PSYoungGen      total 199424K, used 199412K [0x9dfc0000, 0xb3540000, 0xb3540000)
  eden space 122880K, 100% used [0x9dfc0000,0xa57c0000,0xa57c0000)
  from space 76544K, 99% used [0xaea80000,0xb353d108,0xb3540000)
  to   space 113408K, 70% used [0xa57c0000,0xaa592208,0xac680000)
 ParOldGen       total 217344K, used 217179K [0x73540000, 0x80980000, 0x9dfc0000)
  object space 217344K, 99% used [0x73540000,0x80956e78,0x80980000)
 PSPermGen       total 16384K, used 3991K [0x6f540000, 0x70540000, 0x73540000)
  object space 16384K, 24% used [0x6f540000,0x6f925c20,0x70540000)

